{"name": "test_verifyHomePageTitle[chrome]", "status": "failed", "statusDetails": {"message": "AssertionError: assert False", "trace": "self = <TestCases.test_LoginPage.Test_Login object at 0x0000018C49937640>\n\n    def test_verifyHomePageTitle(self):\n        self.lp = LoginPage(self.driver)\n        self.lp.login(get_property(\"email\"), get_property(\"password\"))\n        self.lp.clickLogin()\n        time.sleep(2)\n        title = self.lp.getPageTitle()\n        if title == \"OrangeHR\":\n            assert True\n        else:\n>           assert False\nE           assert False\n\nTestCases\\test_LoginPage.py:27: AssertionError"}, "attachments": [{"name": "screenshot", "source": "5e0ea58d-52cc-4dce-b23d-7ce01e23851a-attachment.png", "type": "image/png"}], "parameters": [{"name": "init_driver", "value": "'chrome'"}], "start": 1641207149193, "stop": 1641207156993, "uuid": "bcc71d15-e3b5-4987-ac79-393108dc36c9", "historyId": "43ec3625bdb382c7b2155f596be2780e", "testCaseId": "3ffb3a37943a80e3979eaa6e7dd962de", "fullName": "TestCases.test_LoginPage.Test_Login#test_verifyHomePageTitle", "labels": [{"name": "tag", "value": "@pytest.mark.usefixtures('init_driver')"}, {"name": "parentSuite", "value": "TestCases"}, {"name": "suite", "value": "test_LoginPage"}, {"name": "subSuite", "value": "Test_Login"}, {"name": "host", "value": "DESKTOP-74D12JD"}, {"name": "thread", "value": "3948-MainThread"}, {"name": "framework", "value": "pytest"}, {"name": "language", "value": "cpython3"}, {"name": "package", "value": "TestCases.test_LoginPage"}]}