{
  "uid" : "38f8fb5b1e899732",
  "name" : "test_verifyHomePageTitle[chrome]",
  "fullName" : "TestCases.test_LoginPage.Test_Login#test_verifyHomePageTitle",
  "historyId" : "43ec3625bdb382c7b2155f596be2780e",
  "time" : {
    "start" : 1645018567366,
    "stop" : 1645018574457,
    "duration" : 7091
  },
  "status" : "failed",
  "statusMessage" : "AssertionError: assert False",
  "statusTrace" : "self = <TestCases.test_LoginPage.Test_Login object at 0x000001F87DE8EFB0>\n\n    def test_verifyHomePageTitle(self):\n        self.lp = LoginPage(self.driver)\n        self.lp.login(get_property(\"email\"), get_property(\"password\"))\n        self.lp.clickLogin()\n        time.sleep(2)\n        title = self.lp.getPageTitle()\n        if title == \"OrangeHR\":\n            assert True\n        else:\n>           assert False\nE           assert False\n\nTestCases\\test_LoginPage.py:23: AssertionError",
  "flaky" : false,
  "newFailed" : false,
  "newBroken" : false,
  "newPassed" : false,
  "retriesCount" : 0,
  "retriesStatusChange" : false,
  "beforeStages" : [ {
    "name" : "init_driver",
    "time" : {
      "start" : 1645018562381,
      "stop" : 1645018567365,
      "duration" : 4984
    },
    "status" : "passed",
    "steps" : [ ],
    "attachments" : [ ],
    "parameters" : [ ],
    "shouldDisplayMessage" : false,
    "attachmentsCount" : 0,
    "hasContent" : false,
    "stepsCount" : 0
  } ],
  "testStage" : {
    "status" : "failed",
    "statusMessage" : "AssertionError: assert False",
    "statusTrace" : "self = <TestCases.test_LoginPage.Test_Login object at 0x000001F87DE8EFB0>\n\n    def test_verifyHomePageTitle(self):\n        self.lp = LoginPage(self.driver)\n        self.lp.login(get_property(\"email\"), get_property(\"password\"))\n        self.lp.clickLogin()\n        time.sleep(2)\n        title = self.lp.getPageTitle()\n        if title == \"OrangeHR\":\n            assert True\n        else:\n>           assert False\nE           assert False\n\nTestCases\\test_LoginPage.py:23: AssertionError",
    "steps" : [ ],
    "attachments" : [ {
      "uid" : "14394fe13ce05369",
      "name" : "screenshot",
      "source" : "14394fe13ce05369.png",
      "type" : "image/png",
      "size" : 124956
    } ],
    "parameters" : [ ],
    "shouldDisplayMessage" : true,
    "attachmentsCount" : 1,
    "hasContent" : true,
    "stepsCount" : 0
  },
  "afterStages" : [ {
    "name" : "init_driver::0",
    "time" : {
      "start" : 1645018574704,
      "stop" : 1645018576809,
      "duration" : 2105
    },
    "status" : "passed",
    "steps" : [ ],
    "attachments" : [ ],
    "parameters" : [ ],
    "shouldDisplayMessage" : false,
    "attachmentsCount" : 0,
    "hasContent" : false,
    "stepsCount" : 0
  } ],
  "labels" : [ {
    "name" : "tag",
    "value" : "@pytest.mark.usefixtures('init_driver')"
  }, {
    "name" : "parentSuite",
    "value" : "TestCases"
  }, {
    "name" : "suite",
    "value" : "test_LoginPage"
  }, {
    "name" : "subSuite",
    "value" : "Test_Login"
  }, {
    "name" : "host",
    "value" : "DESKTOP-74D12JD"
  }, {
    "name" : "thread",
    "value" : "21440-MainThread"
  }, {
    "name" : "framework",
    "value" : "pytest"
  }, {
    "name" : "language",
    "value" : "cpython3"
  }, {
    "name" : "package",
    "value" : "TestCases.test_LoginPage"
  }, {
    "name" : "resultFormat",
    "value" : "allure2"
  } ],
  "parameters" : [ {
    "name" : "init_driver",
    "value" : "'chrome'"
  } ],
  "links" : [ ],
  "hidden" : true,
  "retry" : true,
  "extra" : {
    "categories" : [ ],
    "tags" : [ "@pytest.mark.usefixtures('init_driver')" ]
  },
  "source" : "38f8fb5b1e899732.json",
  "parameterValues" : [ "'chrome'" ]
}