{"name": "test_verifyHomePageTitle[chrome]", "status": "failed", "statusDetails": {"message": "AssertionError: assert False", "trace": "self = <TestCases.test_LoginPage.Test_Login object at 0x000001F87DE8EFB0>\n\n    def test_verifyHomePageTitle(self):\n        self.lp = LoginPage(self.driver)\n        self.lp.login(get_property(\"email\"), get_property(\"password\"))\n        self.lp.clickLogin()\n        time.sleep(2)\n        title = self.lp.getPageTitle()\n        if title == \"OrangeHR\":\n            assert True\n        else:\n>           assert False\nE           assert False\n\nTestCases\\test_LoginPage.py:23: AssertionError"}, "attachments": [{"name": "screenshot", "source": "7f68ab71-c2c7-4750-ac6f-445e92e5628c-attachment.png", "type": "image/png"}], "parameters": [{"name": "init_driver", "value": "'chrome'"}], "start": 1645018567366, "stop": 1645018574457, "uuid": "b28e0795-e95c-457c-9c46-d53cc04cc601", "historyId": "43ec3625bdb382c7b2155f596be2780e", "testCaseId": "3ffb3a37943a80e3979eaa6e7dd962de", "fullName": "TestCases.test_LoginPage.Test_Login#test_verifyHomePageTitle", "labels": [{"name": "tag", "value": "@pytest.mark.usefixtures('init_driver')"}, {"name": "parentSuite", "value": "TestCases"}, {"name": "suite", "value": "test_LoginPage"}, {"name": "subSuite", "value": "Test_Login"}, {"name": "host", "value": "DESKTOP-74D12JD"}, {"name": "thread", "value": "21440-MainThread"}, {"name": "framework", "value": "pytest"}, {"name": "language", "value": "cpython3"}, {"name": "package", "value": "TestCases.test_LoginPage"}]}